Username:  rollers
Date:      Tue Nov 19 14:13:46 EST 2019
 
*** compiling ***
--- running ---
 

messageid: 63373312
parent process: 56281
assembler process: 56282
child 56283 is sending message 0
child no received: 0
child 56284 is sending message 1
child no received: 1
child 56285 is sending message 2
child no received: 2
child 56286 is sending message 3
child no received: 3
child 56287 is sending message 4
child no received: 4
child 56288 is sending message 5
child no received: 5
child 56289 is sending message 6
child no received: 6
child 56290 is sending message 7
child no received: 7
There was an old lady who swallowed a fly; 
I don't know why she swallowed a fly, perhaps she'll die!


There was an old lady who swallowed a spider
It wriggled and jiggled and tickled inside her! 
 She swallowed the spider to catch the fly;

I don't know why she swallowed a fly, perhaps she'll die!

There was an old lady who swallowed a bird
How absurd to swallow a bird! She swallowed the bird to catch the spider; 

It wriggled and jiggled and tickled inside her! 
 She swallowed the spider to catch the fly;
I don't know why she swallowed a fly, perhaps she'll die!

There was an old lady who swallowed a cat
Imagine that! She swallowed a cat! She swallowed the cat to catch the bird, 

How absurd to swallow a bird! She swallowed the bird to catch the spider; 
It wriggled and jiggled and tickled inside her! 
 She swallowed the spider to catch the fly;
I don't know why she swallowed a fly, perhaps she'll die!

There was an old lady who swallowed a dog
What a hog, to swallow a dog! She swallowed the dog to catch the cat, 

Imagine that! She swallowed a cat! She swallowed the cat to catch the bird, 
How absurd to swallow a bird! She swallowed the bird to catch the spider; 
It wriggled and jiggled and tickled inside her! 
 She swallowed the spider to catch the fly;
I don't know why she swallowed a fly, perhaps she'll die!

There was an old lady who swallowed a goat
She just opened her throat and swallowed a goat! 
 She swallowed the goat to catch the dog, 

What a hog, to swallow a dog! She swallowed the dog to catch the cat, 
Imagine that! She swallowed a cat! She swallowed the cat to catch the bird, 
How absurd to swallow a bird! She swallowed the bird to catch the spider; 
It wriggled and jiggled and tickled inside her! 
 She swallowed the spider to catch the fly;
I don't know why she swallowed a fly, perhaps she'll die!

There was an old lady who swallowed a cow
I do not know how she swallowed the cow! 
 She swallowed the cow to catch the goat, 

She just opened her throat and swallowed a goat! 
 She swallowed the goat to catch the dog, 
What a hog, to swallow a dog! She swallowed the dog to catch the cat, 
Imagine that! She swallowed a cat! She swallowed the cat to catch the bird, 
How absurd to swallow a bird! She swallowed the bird to catch the spider; 
It wriggled and jiggled and tickled inside her! 
 She swallowed the spider to catch the fly;
I don't know why she swallowed a fly, perhaps she'll die!

There was an old lady who swallowed a horse
She is dead of course!!!


assembler terminating
--- Running again ---
 

messageid: 63406080
parent process: 56291
assembler process: 56292
child 56293 is sending message 0
child no received: 0
child 56295 is sending message 2
child 56294 is sending message 1
child no received: 2
child no received: 1
child 56297 is sending message 4
child 56296 is sending message 3
child no received: 4
child no received: 3
child 56298 is sending message 5
child no received: 5
child 56299 is sending message 6
child no received: 6
child 56300 is sending message 7
child no received: 7
There was an old lady who swallowed a fly; 
I don't know why she swallowed a fly, perhaps she'll die!


There was an old lady who swallowed a spider
It wriggled and jiggled and tickled inside her! 
 She swallowed the spider to catch the fly;

I don't know why she swallowed a fly, perhaps she'll die!

There was an old lady who swallowed a bird
How absurd to swallow a bird! She swallowed the bird to catch the spider; 

It wriggled and jiggled and tickled inside her! 
 She swallowed the spider to catch the fly;
I don't know why she swallowed a fly, perhaps she'll die!

There was an old lady who swallowed a cat
Imagine that! She swallowed a cat! She swallowed the cat to catch the bird, 

How absurd to swallow a bird! She swallowed the bird to catch the spider; 
It wriggled and jiggled and tickled inside her! 
 She swallowed the spider to catch the fly;
I don't know why she swallowed a fly, perhaps she'll die!

There was an old lady who swallowed a dog
What a hog, to swallow a dog! She swallowed the dog to catch the cat, 

Imagine that! She swallowed a cat! She swallowed the cat to catch the bird, 
How absurd to swallow a bird! She swallowed the bird to catch the spider; 
It wriggled and jiggled and tickled inside her! 
 She swallowed the spider to catch the fly;
I don't know why she swallowed a fly, perhaps she'll die!

There was an old lady who swallowed a goat
She just opened her throat and swallowed a goat! 
 She swallowed the goat to catch the dog, 

What a hog, to swallow a dog! She swallowed the dog to catch the cat, 
Imagine that! She swallowed a cat! She swallowed the cat to catch the bird, 
How absurd to swallow a bird! She swallowed the bird to catch the spider; 
It wriggled and jiggled and tickled inside her! 
 She swallowed the spider to catch the fly;
I don't know why she swallowed a fly, perhaps she'll die!

There was an old lady who swallowed a cow
I do not know how she swallowed the cow! 
 She swallowed the cow to catch the goat, 

She just opened her throat and swallowed a goat! 
 She swallowed the goat to catch the dog, 
What a hog, to swallow a dog! She swallowed the dog to catch the cat, 
Imagine that! She swallowed a cat! She swallowed the cat to catch the bird, 
How absurd to swallow a bird! She swallowed the bird to catch the spider; 
It wriggled and jiggled and tickled inside her! 
 She swallowed the spider to catch the fly;
I don't know why she swallowed a fly, perhaps she'll die!

There was an old lady who swallowed a horse
She is dead of course!!!


assembler terminating
--- Running again ---
 

messageid: 63438848
parent process: 56301
assembler process: 56302
child 56303 is sending message 0
child no received: 0
child 56304 is sending message 1
child no received: 1
child 56305 is sending message 2
child no received: 2
child 56307 is sending message 4
child 56306 is sending message 3
child no received: 4
child no received: 3
child 56308 is sending message 5
child no received: 5
child 56309 is sending message 6
child 56310 is sending message 7
child no received: 7
child no received: 6
There was an old lady who swallowed a fly; 
I don't know why she swallowed a fly, perhaps she'll die!


There was an old lady who swallowed a spider
It wriggled and jiggled and tickled inside her! 
 She swallowed the spider to catch the fly;

I don't know why she swallowed a fly, perhaps she'll die!

There was an old lady who swallowed a bird
How absurd to swallow a bird! She swallowed the bird to catch the spider; 

It wriggled and jiggled and tickled inside her! 
 She swallowed the spider to catch the fly;
I don't know why she swallowed a fly, perhaps she'll die!

There was an old lady who swallowed a cat
Imagine that! She swallowed a cat! She swallowed the cat to catch the bird, 

How absurd to swallow a bird! She swallowed the bird to catch the spider; 
It wriggled and jiggled and tickled inside her! 
 She swallowed the spider to catch the fly;
I don't know why she swallowed a fly, perhaps she'll die!

There was an old lady who swallowed a dog
What a hog, to swallow a dog! She swallowed the dog to catch the cat, 

Imagine that! She swallowed a cat! She swallowed the cat to catch the bird, 
How absurd to swallow a bird! She swallowed the bird to catch the spider; 
It wriggled and jiggled and tickled inside her! 
 She swallowed the spider to catch the fly;
I don't know why she swallowed a fly, perhaps she'll die!

There was an old lady who swallowed a goat
She just opened her throat and swallowed a goat! 
 She swallowed the goat to catch the dog, 

What a hog, to swallow a dog! She swallowed the dog to catch the cat, 
Imagine that! She swallowed a cat! She swallowed the cat to catch the bird, 
How absurd to swallow a bird! She swallowed the bird to catch the spider; 
It wriggled and jiggled and tickled inside her! 
 She swallowed the spider to catch the fly;
I don't know why she swallowed a fly, perhaps she'll die!

There was an old lady who swallowed a cow
I do not know how she swallowed the cow! 
 She swallowed the cow to catch the goat, 

She just opened her throat and swallowed a goat! 
 She swallowed the goat to catch the dog, 
What a hog, to swallow a dog! She swallowed the dog to catch the cat, 
Imagine that! She swallowed a cat! She swallowed the cat to catch the bird, 
How absurd to swallow a bird! She swallowed the bird to catch the spider; 
It wriggled and jiggled and tickled inside her! 
 She swallowed the spider to catch the fly;
I don't know why she swallowed a fly, perhaps she'll die!

There was an old lady who swallowed a horse
She is dead of course!!!


assembler terminating
--- Running again ---
 

messageid: 63471616
parent process: 56311
assembler process: 56312
child 56313 is sending message 0
child no received: 0
child 56314 is sending message 1
child no received: 1
child 56315 is sending message 2
child no received: 2
child 56316 is sending message 3
child no received: 3
child 56317 is sending message 4
child no received: 4
child 56318 is sending message 5
child no received: 5
child 56319 is sending message 6
child no received: 6
child 56320 is sending message 7
child no received: 7
There was an old lady who swallowed a fly; 
I don't know why she swallowed a fly, perhaps she'll die!


There was an old lady who swallowed a spider
It wriggled and jiggled and tickled inside her! 
 She swallowed the spider to catch the fly;

I don't know why she swallowed a fly, perhaps she'll die!

There was an old lady who swallowed a bird
How absurd to swallow a bird! She swallowed the bird to catch the spider; 

It wriggled and jiggled and tickled inside her! 
 She swallowed the spider to catch the fly;
I don't know why she swallowed a fly, perhaps she'll die!

There was an old lady who swallowed a cat
Imagine that! She swallowed a cat! She swallowed the cat to catch the bird, 

How absurd to swallow a bird! She swallowed the bird to catch the spider; 
It wriggled and jiggled and tickled inside her! 
 She swallowed the spider to catch the fly;
I don't know why she swallowed a fly, perhaps she'll die!

There was an old lady who swallowed a dog
What a hog, to swallow a dog! She swallowed the dog to catch the cat, 

Imagine that! She swallowed a cat! She swallowed the cat to catch the bird, 
How absurd to swallow a bird! She swallowed the bird to catch the spider; 
It wriggled and jiggled and tickled inside her! 
 She swallowed the spider to catch the fly;
I don't know why she swallowed a fly, perhaps she'll die!

There was an old lady who swallowed a goat
She just opened her throat and swallowed a goat! 
 She swallowed the goat to catch the dog, 

What a hog, to swallow a dog! She swallowed the dog to catch the cat, 
Imagine that! She swallowed a cat! She swallowed the cat to catch the bird, 
How absurd to swallow a bird! She swallowed the bird to catch the spider; 
It wriggled and jiggled and tickled inside her! 
 She swallowed the spider to catch the fly;
I don't know why she swallowed a fly, perhaps she'll die!

There was an old lady who swallowed a cow
I do not know how she swallowed the cow! 
 She swallowed the cow to catch the goat, 

She just opened her throat and swallowed a goat! 
 She swallowed the goat to catch the dog, 
What a hog, to swallow a dog! She swallowed the dog to catch the cat, 
Imagine that! She swallowed a cat! She swallowed the cat to catch the bird, 
How absurd to swallow a bird! She swallowed the bird to catch the spider; 
It wriggled and jiggled and tickled inside her! 
 She swallowed the spider to catch the fly;
I don't know why she swallowed a fly, perhaps she'll die!

There was an old lady who swallowed a horse
She is dead of course!!!


assembler terminating
--- Running again ---
 

messageid: 63504384
parent process: 56321
assembler process: 56322
child 56323 is sending message 0
child no received: 0
child 56324 is sending message 1
child no received: 1
child 56326 is sending message 3
child no received: 3
child 56325 is sending message 2
child 56327 is sending message 4
child no received: 2
child no received: 4
child 56328 is sending message 5
child no received: 5
child 56329 is sending message 6
child 56330 is sending message 7
child no received: 7
child no received: 6
There was an old lady who swallowed a fly; 
I don't know why she swallowed a fly, perhaps she'll die!


There was an old lady who swallowed a spider
It wriggled and jiggled and tickled inside her! 
 She swallowed the spider to catch the fly;

I don't know why she swallowed a fly, perhaps she'll die!

There was an old lady who swallowed a bird
How absurd to swallow a bird! She swallowed the bird to catch the spider; 

It wriggled and jiggled and tickled inside her! 
 She swallowed the spider to catch the fly;
I don't know why she swallowed a fly, perhaps she'll die!

There was an old lady who swallowed a cat
Imagine that! She swallowed a cat! She swallowed the cat to catch the bird, 

How absurd to swallow a bird! She swallowed the bird to catch the spider; 
It wriggled and jiggled and tickled inside her! 
 She swallowed the spider to catch the fly;
I don't know why she swallowed a fly, perhaps she'll die!

There was an old lady who swallowed a dog
What a hog, to swallow a dog! She swallowed the dog to catch the cat, 

Imagine that! She swallowed a cat! She swallowed the cat to catch the bird, 
How absurd to swallow a bird! She swallowed the bird to catch the spider; 
It wriggled and jiggled and tickled inside her! 
 She swallowed the spider to catch the fly;
I don't know why she swallowed a fly, perhaps she'll die!

There was an old lady who swallowed a goat
She just opened her throat and swallowed a goat! 
 She swallowed the goat to catch the dog, 

What a hog, to swallow a dog! She swallowed the dog to catch the cat, 
Imagine that! She swallowed a cat! She swallowed the cat to catch the bird, 
How absurd to swallow a bird! She swallowed the bird to catch the spider; 
It wriggled and jiggled and tickled inside her! 
 She swallowed the spider to catch the fly;
I don't know why she swallowed a fly, perhaps she'll die!

There was an old lady who swallowed a cow
I do not know how she swallowed the cow! 
 She swallowed the cow to catch the goat, 

She just opened her throat and swallowed a goat! 
 She swallowed the goat to catch the dog, 
What a hog, to swallow a dog! She swallowed the dog to catch the cat, 
Imagine that! She swallowed a cat! She swallowed the cat to catch the bird, 
How absurd to swallow a bird! She swallowed the bird to catch the spider; 
It wriggled and jiggled and tickled inside her! 
 She swallowed the spider to catch the fly;
I don't know why she swallowed a fly, perhaps she'll die!

There was an old lady who swallowed a horse
She is dead of course!!!


assembler terminating
--- Running again ---
 

messageid: 63537152
parent process: 56331
assembler process: 56332
child 56333 is sending message 0
child no received: 0
child 56334 is sending message 1
child no received: 1
child 56335 is sending message 2
child no received: 2
child 56336 is sending message 3
child no received: 3
child 56337 is sending message 4
child no received: 4
child 56338 is sending message 5
child no received: 5
child 56339 is sending message 6
child no received: 6
child 56340 is sending message 7
child no received: 7
There was an old lady who swallowed a fly; 
I don't know why she swallowed a fly, perhaps she'll die!


There was an old lady who swallowed a spider
It wriggled and jiggled and tickled inside her! 
 She swallowed the spider to catch the fly;

I don't know why she swallowed a fly, perhaps she'll die!

There was an old lady who swallowed a bird
How absurd to swallow a bird! She swallowed the bird to catch the spider; 

It wriggled and jiggled and tickled inside her! 
 She swallowed the spider to catch the fly;
I don't know why she swallowed a fly, perhaps she'll die!

There was an old lady who swallowed a cat
Imagine that! She swallowed a cat! She swallowed the cat to catch the bird, 

How absurd to swallow a bird! She swallowed the bird to catch the spider; 
It wriggled and jiggled and tickled inside her! 
 She swallowed the spider to catch the fly;
I don't know why she swallowed a fly, perhaps she'll die!

There was an old lady who swallowed a dog
What a hog, to swallow a dog! She swallowed the dog to catch the cat, 

Imagine that! She swallowed a cat! She swallowed the cat to catch the bird, 
How absurd to swallow a bird! She swallowed the bird to catch the spider; 
It wriggled and jiggled and tickled inside her! 
 She swallowed the spider to catch the fly;
I don't know why she swallowed a fly, perhaps she'll die!

There was an old lady who swallowed a goat
She just opened her throat and swallowed a goat! 
 She swallowed the goat to catch the dog, 

What a hog, to swallow a dog! She swallowed the dog to catch the cat, 
Imagine that! She swallowed a cat! She swallowed the cat to catch the bird, 
How absurd to swallow a bird! She swallowed the bird to catch the spider; 
It wriggled and jiggled and tickled inside her! 
 She swallowed the spider to catch the fly;
I don't know why she swallowed a fly, perhaps she'll die!

There was an old lady who swallowed a cow
I do not know how she swallowed the cow! 
 She swallowed the cow to catch the goat, 

She just opened her throat and swallowed a goat! 
 She swallowed the goat to catch the dog, 
What a hog, to swallow a dog! She swallowed the dog to catch the cat, 
Imagine that! She swallowed a cat! She swallowed the cat to catch the bird, 
How absurd to swallow a bird! She swallowed the bird to catch the spider; 
It wriggled and jiggled and tickled inside her! 
 She swallowed the spider to catch the fly;
I don't know why she swallowed a fly, perhaps she'll die!

There was an old lady who swallowed a horse
She is dead of course!!!


assembler terminating
